0 info it worked if it ends with ok
1 verbose cli [ '/usr/local/bin/node', '/usr/local/bin/npm', 'publish' ]
2 info using npm@4.1.2
3 info using node@v7.7.3
4 verbose publish [ '.' ]
5 silly cache add args [ '.', null ]
6 verbose cache add spec .
7 silly cache add parsed spec Result {
7 silly cache add   raw: '.',
7 silly cache add   scope: null,
7 silly cache add   escapedName: null,
7 silly cache add   name: null,
7 silly cache add   rawSpec: '.',
7 silly cache add   spec: '/Users/adriangrana/Proyects/swagger-middleware',
7 silly cache add   type: 'directory' }
8 verbose addLocalDirectory /Users/adriangrana/.npm/atg-swagger-middleware/1.0.0/package.tgz not in flight; packing
9 verbose correctMkdir /Users/adriangrana/.npm correctMkdir not in flight; initializing
10 info lifecycle atg-swagger-middleware@1.0.0~prepublish: atg-swagger-middleware@1.0.0
11 silly lifecycle atg-swagger-middleware@1.0.0~prepublish: no script for prepublish, continuing
12 info lifecycle atg-swagger-middleware@1.0.0~prepare: atg-swagger-middleware@1.0.0
13 silly lifecycle atg-swagger-middleware@1.0.0~prepare: no script for prepare, continuing
14 verbose tar pack [ '/Users/adriangrana/.npm/atg-swagger-middleware/1.0.0/package.tgz',
14 verbose tar pack   '/Users/adriangrana/Proyects/swagger-middleware' ]
15 verbose tarball /Users/adriangrana/.npm/atg-swagger-middleware/1.0.0/package.tgz
16 verbose folder /Users/adriangrana/Proyects/swagger-middleware
17 verbose addLocalTarball adding from inside cache /Users/adriangrana/.npm/atg-swagger-middleware/1.0.0/package.tgz
18 verbose correctMkdir /Users/adriangrana/.npm correctMkdir not in flight; initializing
19 silly cache afterAdd atg-swagger-middleware@1.0.0
20 verbose afterAdd /Users/adriangrana/.npm/atg-swagger-middleware/1.0.0/package/package.json not in flight; writing
21 verbose correctMkdir /Users/adriangrana/.npm correctMkdir not in flight; initializing
22 verbose afterAdd /Users/adriangrana/.npm/atg-swagger-middleware/1.0.0/package/package.json written
23 silly publish { name: 'atg-swagger-middleware',
23 silly publish   version: '1.0.0',
23 silly publish   main: 'middleware/swagger-middleware.js',
23 silly publish   description: 'Swagger middleware for node express',
23 silly publish   private: false,
23 silly publish   dependencies:
23 silly publish    { config: '^1.30.0',
23 silly publish      express: '~4.16.0',
23 silly publish      'http-status-codes': '^1.3.0',
23 silly publish      lodash: '^4.17.5',
23 silly publish      morgan: '~1.9.0',
23 silly publish      'restify-errors': '^6.0.0',
23 silly publish      'swagger-jsdoc': '^1.9.7',
23 silly publish      'swagger-ui-middleware': '^1.0.0',
23 silly publish      uuid: '^3.2.1',
23 silly publish      verror: '^1.10.0' },
23 silly publish   devDependencies: {},
23 silly publish   readme: '# swagger-middleware\nMiddleware for express\n',
23 silly publish   readmeFilename: 'README.md',
23 silly publish   gitHead: '5a1958f478ef6a98a6dcb09422bbea7a6b9f03bb',
23 silly publish   _id: 'atg-swagger-middleware@1.0.0',
23 silly publish   scripts: {},
23 silly publish   _shasum: '2f3f5332bb99472b6e64f941ffa4366d7700dc44',
23 silly publish   _from: '.' }
24 info lifecycle atg-swagger-middleware@1.0.0~prepublishOnly: atg-swagger-middleware@1.0.0
25 silly lifecycle atg-swagger-middleware@1.0.0~prepublishOnly: no script for prepublishOnly, continuing
26 verbose getPublishConfig undefined
27 silly mapToRegistry name atg-swagger-middleware
28 silly mapToRegistry using default registry
29 silly mapToRegistry registry https://registry.npmjs.org/
30 silly mapToRegistry data Result {
30 silly mapToRegistry   raw: 'atg-swagger-middleware',
30 silly mapToRegistry   scope: null,
30 silly mapToRegistry   escapedName: 'atg-swagger-middleware',
30 silly mapToRegistry   name: 'atg-swagger-middleware',
30 silly mapToRegistry   rawSpec: '',
30 silly mapToRegistry   spec: 'latest',
30 silly mapToRegistry   type: 'tag' }
31 silly mapToRegistry uri https://registry.npmjs.org/atg-swagger-middleware
32 verbose publish registryBase https://registry.npmjs.org/
33 silly publish uploading /Users/adriangrana/.npm/atg-swagger-middleware/1.0.0/package.tgz
34 verbose request uri https://registry.npmjs.org/atg-swagger-middleware
35 verbose request sending authorization for write operation
36 info attempt registry request try #1 at 3:50:13 PM
37 verbose request using bearer token for auth
38 verbose request id 70aeaf37a99a9690
39 http request PUT https://registry.npmjs.org/atg-swagger-middleware
40 http 403 https://registry.npmjs.org/atg-swagger-middleware
41 verbose headers { 'content-type': 'application/json',
41 verbose headers   'cache-control': 'max-age=300',
41 verbose headers   'content-length': '93',
41 verbose headers   'accept-ranges': 'bytes',
41 verbose headers   date: 'Tue, 17 Apr 2018 19:50:13 GMT',
41 verbose headers   via: '1.1 varnish',
41 verbose headers   connection: 'keep-alive',
41 verbose headers   'x-served-by': 'cache-scl19420-SCL',
41 verbose headers   'x-cache': 'MISS',
41 verbose headers   'x-cache-hits': '0',
41 verbose headers   'x-timer': 'S1523994614.528197,VS0,VE382',
41 verbose headers   vary: 'Accept-Encoding, Accept' }
42 verbose request invalidating /Users/adriangrana/.npm/registry.npmjs.org/atg-swagger-middleware on PUT
43 error publish Failed PUT 403
44 verbose stack Error: You cannot publish over the previously published versions: 1.0.0. : atg-swagger-middleware
44 verbose stack     at makeError (/usr/local/lib/node_modules/npm/node_modules/npm-registry-client/lib/request.js:304:12)
44 verbose stack     at CachingRegistryClient.<anonymous> (/usr/local/lib/node_modules/npm/node_modules/npm-registry-client/lib/request.js:292:14)
44 verbose stack     at Request._callback (/usr/local/lib/node_modules/npm/node_modules/npm-registry-client/lib/request.js:212:14)
44 verbose stack     at Request.self.callback (/usr/local/lib/node_modules/npm/node_modules/request/request.js:186:22)
44 verbose stack     at emitTwo (events.js:106:13)
44 verbose stack     at Request.emit (events.js:194:7)
44 verbose stack     at Request.<anonymous> (/usr/local/lib/node_modules/npm/node_modules/request/request.js:1081:10)
44 verbose stack     at emitOne (events.js:96:13)
44 verbose stack     at Request.emit (events.js:191:7)
44 verbose stack     at IncomingMessage.<anonymous> (/usr/local/lib/node_modules/npm/node_modules/request/request.js:1001:12)
45 verbose statusCode 403
46 verbose pkgid atg-swagger-middleware
47 verbose cwd /Users/adriangrana/Proyects/swagger-middleware
48 error Darwin 17.4.0
49 error argv "/usr/local/bin/node" "/usr/local/bin/npm" "publish"
50 error node v7.7.3
51 error npm  v4.1.2
52 error code E403
53 error You cannot publish over the previously published versions: 1.0.0. : atg-swagger-middleware
54 error If you need help, you may report this error at:
54 error     <https://github.com/npm/npm/issues>
55 verbose exit [ 1, true ]
